                                      1 ;--------------------------------------------------------
                                      2 ; File Created by SDCC : free open source ISO C Compiler 
                                      3 ; Version 4.4.1 #14650 (MINGW64)
                                      4 ;--------------------------------------------------------
                                      5 	.module bkgd
                                      6 	.optsdcc -msm83
                                      7 	
                                      8 ;--------------------------------------------------------
                                      9 ; Public variables in this module
                                     10 ;--------------------------------------------------------
                                     11 	.globl _bkgd_map
                                     12 	.globl _bkgd_tiles
                                     13 ;--------------------------------------------------------
                                     14 ; special function registers
                                     15 ;--------------------------------------------------------
                                     16 ;--------------------------------------------------------
                                     17 ; ram data
                                     18 ;--------------------------------------------------------
                                     19 	.area _DATA
                                     20 ;--------------------------------------------------------
                                     21 ; ram data
                                     22 ;--------------------------------------------------------
                                     23 	.area _INITIALIZED
                                     24 ;--------------------------------------------------------
                                     25 ; absolute external ram data
                                     26 ;--------------------------------------------------------
                                     27 	.area _DABS (ABS)
                                     28 ;--------------------------------------------------------
                                     29 ; global & static initialisations
                                     30 ;--------------------------------------------------------
                                     31 	.area _HOME
                                     32 	.area _GSINIT
                                     33 	.area _GSFINAL
                                     34 	.area _GSINIT
                                     35 ;--------------------------------------------------------
                                     36 ; Home
                                     37 ;--------------------------------------------------------
                                     38 	.area _HOME
                                     39 	.area _HOME
                                     40 ;--------------------------------------------------------
                                     41 ; code
                                     42 ;--------------------------------------------------------
                                     43 	.area _CODE
                                     44 	.area _CODE
    00000000                         45 _bkgd_tiles:
    00000000 00                      46 	.db #0x00	; 0
    00000001 FF                      47 	.db #0xff	; 255
    00000002 00                      48 	.db #0x00	; 0
    00000003 FF                      49 	.db #0xff	; 255
    00000004 00                      50 	.db #0x00	; 0
    00000005 FF                      51 	.db #0xff	; 255
    00000006 00                      52 	.db #0x00	; 0
    00000007 FF                      53 	.db #0xff	; 255
    00000008 00                      54 	.db #0x00	; 0
    00000009 FF                      55 	.db #0xff	; 255
    0000000A 00                      56 	.db #0x00	; 0
    0000000B FF                      57 	.db #0xff	; 255
    0000000C 00                      58 	.db #0x00	; 0
    0000000D FF                      59 	.db #0xff	; 255
    0000000E 00                      60 	.db #0x00	; 0
    0000000F FF                      61 	.db #0xff	; 255
    00000010 00                      62 	.db #0x00	; 0
    00000011 FF                      63 	.db #0xff	; 255
    00000012 66                      64 	.db #0x66	; 102	'f'
    00000013 99                      65 	.db #0x99	; 153
    00000014 44                      66 	.db #0x44	; 68	'D'
    00000015 22                      67 	.db #0x22	; 34
    00000016 CC                      68 	.db #0xcc	; 204
    00000017 00                      69 	.db #0x00	; 0
    00000018 BB                      70 	.db #0xbb	; 187
    00000019 44                      71 	.db #0x44	; 68	'D'
    0000001A FF                      72 	.db #0xff	; 255
    0000001B 00                      73 	.db #0x00	; 0
    0000001C FF                      74 	.db #0xff	; 255
    0000001D 00                      75 	.db #0x00	; 0
    0000001E FF                      76 	.db #0xff	; 255
    0000001F 00                      77 	.db #0x00	; 0
    00000020 FF                      78 	.db #0xff	; 255
    00000021 00                      79 	.db #0x00	; 0
    00000022 FF                      80 	.db #0xff	; 255
    00000023 00                      81 	.db #0x00	; 0
    00000024 FF                      82 	.db #0xff	; 255
    00000025 00                      83 	.db #0x00	; 0
    00000026 FF                      84 	.db #0xff	; 255
    00000027 00                      85 	.db #0x00	; 0
    00000028 FF                      86 	.db #0xff	; 255
    00000029 00                      87 	.db #0x00	; 0
    0000002A FF                      88 	.db #0xff	; 255
    0000002B 00                      89 	.db #0x00	; 0
    0000002C FF                      90 	.db #0xff	; 255
    0000002D 00                      91 	.db #0x00	; 0
    0000002E FF                      92 	.db #0xff	; 255
    0000002F 00                      93 	.db #0x00	; 0
    00000030                         94 _bkgd_map:
    00000030 00                      95 	.db #0x00	; 0
    00000031 00                      96 	.db #0x00	; 0
    00000032 00                      97 	.db #0x00	; 0
    00000033 00                      98 	.db #0x00	; 0
    00000034 00                      99 	.db #0x00	; 0
    00000035 00                     100 	.db #0x00	; 0
    00000036 00                     101 	.db #0x00	; 0
    00000037 00                     102 	.db #0x00	; 0
    00000038 00                     103 	.db #0x00	; 0
    00000039 00                     104 	.db #0x00	; 0
    0000003A 00                     105 	.db #0x00	; 0
    0000003B 00                     106 	.db #0x00	; 0
    0000003C 00                     107 	.db #0x00	; 0
    0000003D 00                     108 	.db #0x00	; 0
    0000003E 00                     109 	.db #0x00	; 0
    0000003F 00                     110 	.db #0x00	; 0
    00000040 00                     111 	.db #0x00	; 0
    00000041 00                     112 	.db #0x00	; 0
    00000042 00                     113 	.db #0x00	; 0
    00000043 00                     114 	.db #0x00	; 0
    00000044 00                     115 	.db #0x00	; 0
    00000045 00                     116 	.db #0x00	; 0
    00000046 00                     117 	.db #0x00	; 0
    00000047 00                     118 	.db #0x00	; 0
    00000048 00                     119 	.db #0x00	; 0
    00000049 00                     120 	.db #0x00	; 0
    0000004A 00                     121 	.db #0x00	; 0
    0000004B 00                     122 	.db #0x00	; 0
    0000004C 00                     123 	.db #0x00	; 0
    0000004D 00                     124 	.db #0x00	; 0
    0000004E 00                     125 	.db #0x00	; 0
    0000004F 00                     126 	.db #0x00	; 0
    00000050 00                     127 	.db #0x00	; 0
    00000051 00                     128 	.db #0x00	; 0
    00000052 00                     129 	.db #0x00	; 0
    00000053 00                     130 	.db #0x00	; 0
    00000054 00                     131 	.db #0x00	; 0
    00000055 00                     132 	.db #0x00	; 0
    00000056 00                     133 	.db #0x00	; 0
    00000057 00                     134 	.db #0x00	; 0
    00000058 00                     135 	.db #0x00	; 0
    00000059 00                     136 	.db #0x00	; 0
    0000005A 00                     137 	.db #0x00	; 0
    0000005B 00                     138 	.db #0x00	; 0
    0000005C 00                     139 	.db #0x00	; 0
    0000005D 00                     140 	.db #0x00	; 0
    0000005E 00                     141 	.db #0x00	; 0
    0000005F 00                     142 	.db #0x00	; 0
    00000060 00                     143 	.db #0x00	; 0
    00000061 00                     144 	.db #0x00	; 0
    00000062 00                     145 	.db #0x00	; 0
    00000063 00                     146 	.db #0x00	; 0
    00000064 00                     147 	.db #0x00	; 0
    00000065 00                     148 	.db #0x00	; 0
    00000066 00                     149 	.db #0x00	; 0
    00000067 00                     150 	.db #0x00	; 0
    00000068 00                     151 	.db #0x00	; 0
    00000069 00                     152 	.db #0x00	; 0
    0000006A 00                     153 	.db #0x00	; 0
    0000006B 00                     154 	.db #0x00	; 0
    0000006C 00                     155 	.db #0x00	; 0
    0000006D 00                     156 	.db #0x00	; 0
    0000006E 00                     157 	.db #0x00	; 0
    0000006F 00                     158 	.db #0x00	; 0
    00000070 00                     159 	.db #0x00	; 0
    00000071 00                     160 	.db #0x00	; 0
    00000072 00                     161 	.db #0x00	; 0
    00000073 00                     162 	.db #0x00	; 0
    00000074 00                     163 	.db #0x00	; 0
    00000075 00                     164 	.db #0x00	; 0
    00000076 00                     165 	.db #0x00	; 0
    00000077 00                     166 	.db #0x00	; 0
    00000078 00                     167 	.db #0x00	; 0
    00000079 00                     168 	.db #0x00	; 0
    0000007A 00                     169 	.db #0x00	; 0
    0000007B 00                     170 	.db #0x00	; 0
    0000007C 00                     171 	.db #0x00	; 0
    0000007D 00                     172 	.db #0x00	; 0
    0000007E 00                     173 	.db #0x00	; 0
    0000007F 00                     174 	.db #0x00	; 0
    00000080 00                     175 	.db #0x00	; 0
    00000081 00                     176 	.db #0x00	; 0
    00000082 00                     177 	.db #0x00	; 0
    00000083 00                     178 	.db #0x00	; 0
    00000084 00                     179 	.db #0x00	; 0
    00000085 00                     180 	.db #0x00	; 0
    00000086 00                     181 	.db #0x00	; 0
    00000087 00                     182 	.db #0x00	; 0
    00000088 00                     183 	.db #0x00	; 0
    00000089 00                     184 	.db #0x00	; 0
    0000008A 00                     185 	.db #0x00	; 0
    0000008B 00                     186 	.db #0x00	; 0
    0000008C 00                     187 	.db #0x00	; 0
    0000008D 00                     188 	.db #0x00	; 0
    0000008E 00                     189 	.db #0x00	; 0
    0000008F 00                     190 	.db #0x00	; 0
    00000090 00                     191 	.db #0x00	; 0
    00000091 00                     192 	.db #0x00	; 0
    00000092 00                     193 	.db #0x00	; 0
    00000093 00                     194 	.db #0x00	; 0
    00000094 00                     195 	.db #0x00	; 0
    00000095 00                     196 	.db #0x00	; 0
    00000096 00                     197 	.db #0x00	; 0
    00000097 00                     198 	.db #0x00	; 0
    00000098 00                     199 	.db #0x00	; 0
    00000099 00                     200 	.db #0x00	; 0
    0000009A 00                     201 	.db #0x00	; 0
    0000009B 00                     202 	.db #0x00	; 0
    0000009C 00                     203 	.db #0x00	; 0
    0000009D 00                     204 	.db #0x00	; 0
    0000009E 00                     205 	.db #0x00	; 0
    0000009F 00                     206 	.db #0x00	; 0
    000000A0 00                     207 	.db #0x00	; 0
    000000A1 00                     208 	.db #0x00	; 0
    000000A2 00                     209 	.db #0x00	; 0
    000000A3 00                     210 	.db #0x00	; 0
    000000A4 00                     211 	.db #0x00	; 0
    000000A5 00                     212 	.db #0x00	; 0
    000000A6 00                     213 	.db #0x00	; 0
    000000A7 00                     214 	.db #0x00	; 0
    000000A8 00                     215 	.db #0x00	; 0
    000000A9 00                     216 	.db #0x00	; 0
    000000AA 00                     217 	.db #0x00	; 0
    000000AB 00                     218 	.db #0x00	; 0
    000000AC 00                     219 	.db #0x00	; 0
    000000AD 00                     220 	.db #0x00	; 0
    000000AE 00                     221 	.db #0x00	; 0
    000000AF 00                     222 	.db #0x00	; 0
    000000B0 00                     223 	.db #0x00	; 0
    000000B1 00                     224 	.db #0x00	; 0
    000000B2 00                     225 	.db #0x00	; 0
    000000B3 00                     226 	.db #0x00	; 0
    000000B4 00                     227 	.db #0x00	; 0
    000000B5 00                     228 	.db #0x00	; 0
    000000B6 00                     229 	.db #0x00	; 0
    000000B7 00                     230 	.db #0x00	; 0
    000000B8 00                     231 	.db #0x00	; 0
    000000B9 00                     232 	.db #0x00	; 0
    000000BA 00                     233 	.db #0x00	; 0
    000000BB 00                     234 	.db #0x00	; 0
    000000BC 00                     235 	.db #0x00	; 0
    000000BD 00                     236 	.db #0x00	; 0
    000000BE 00                     237 	.db #0x00	; 0
    000000BF 00                     238 	.db #0x00	; 0
    000000C0 00                     239 	.db #0x00	; 0
    000000C1 00                     240 	.db #0x00	; 0
    000000C2 00                     241 	.db #0x00	; 0
    000000C3 00                     242 	.db #0x00	; 0
    000000C4 00                     243 	.db #0x00	; 0
    000000C5 00                     244 	.db #0x00	; 0
    000000C6 00                     245 	.db #0x00	; 0
    000000C7 00                     246 	.db #0x00	; 0
    000000C8 00                     247 	.db #0x00	; 0
    000000C9 00                     248 	.db #0x00	; 0
    000000CA 00                     249 	.db #0x00	; 0
    000000CB 00                     250 	.db #0x00	; 0
    000000CC 00                     251 	.db #0x00	; 0
    000000CD 00                     252 	.db #0x00	; 0
    000000CE 00                     253 	.db #0x00	; 0
    000000CF 00                     254 	.db #0x00	; 0
    000000D0 00                     255 	.db #0x00	; 0
    000000D1 00                     256 	.db #0x00	; 0
    000000D2 00                     257 	.db #0x00	; 0
    000000D3 00                     258 	.db #0x00	; 0
    000000D4 00                     259 	.db #0x00	; 0
    000000D5 00                     260 	.db #0x00	; 0
    000000D6 00                     261 	.db #0x00	; 0
    000000D7 00                     262 	.db #0x00	; 0
    000000D8 00                     263 	.db #0x00	; 0
    000000D9 00                     264 	.db #0x00	; 0
    000000DA 00                     265 	.db #0x00	; 0
    000000DB 00                     266 	.db #0x00	; 0
    000000DC 00                     267 	.db #0x00	; 0
    000000DD 00                     268 	.db #0x00	; 0
    000000DE 00                     269 	.db #0x00	; 0
    000000DF 00                     270 	.db #0x00	; 0
    000000E0 00                     271 	.db #0x00	; 0
    000000E1 00                     272 	.db #0x00	; 0
    000000E2 00                     273 	.db #0x00	; 0
    000000E3 00                     274 	.db #0x00	; 0
    000000E4 00                     275 	.db #0x00	; 0
    000000E5 00                     276 	.db #0x00	; 0
    000000E6 00                     277 	.db #0x00	; 0
    000000E7 00                     278 	.db #0x00	; 0
    000000E8 00                     279 	.db #0x00	; 0
    000000E9 00                     280 	.db #0x00	; 0
    000000EA 00                     281 	.db #0x00	; 0
    000000EB 00                     282 	.db #0x00	; 0
    000000EC 00                     283 	.db #0x00	; 0
    000000ED 00                     284 	.db #0x00	; 0
    000000EE 00                     285 	.db #0x00	; 0
    000000EF 00                     286 	.db #0x00	; 0
    000000F0 00                     287 	.db #0x00	; 0
    000000F1 00                     288 	.db #0x00	; 0
    000000F2 00                     289 	.db #0x00	; 0
    000000F3 00                     290 	.db #0x00	; 0
    000000F4 00                     291 	.db #0x00	; 0
    000000F5 00                     292 	.db #0x00	; 0
    000000F6 00                     293 	.db #0x00	; 0
    000000F7 00                     294 	.db #0x00	; 0
    000000F8 00                     295 	.db #0x00	; 0
    000000F9 00                     296 	.db #0x00	; 0
    000000FA 00                     297 	.db #0x00	; 0
    000000FB 00                     298 	.db #0x00	; 0
    000000FC 00                     299 	.db #0x00	; 0
    000000FD 00                     300 	.db #0x00	; 0
    000000FE 00                     301 	.db #0x00	; 0
    000000FF 00                     302 	.db #0x00	; 0
    00000100 00                     303 	.db #0x00	; 0
    00000101 00                     304 	.db #0x00	; 0
    00000102 00                     305 	.db #0x00	; 0
    00000103 00                     306 	.db #0x00	; 0
    00000104 00                     307 	.db #0x00	; 0
    00000105 00                     308 	.db #0x00	; 0
    00000106 00                     309 	.db #0x00	; 0
    00000107 00                     310 	.db #0x00	; 0
    00000108 00                     311 	.db #0x00	; 0
    00000109 00                     312 	.db #0x00	; 0
    0000010A 00                     313 	.db #0x00	; 0
    0000010B 00                     314 	.db #0x00	; 0
    0000010C 00                     315 	.db #0x00	; 0
    0000010D 00                     316 	.db #0x00	; 0
    0000010E 00                     317 	.db #0x00	; 0
    0000010F 00                     318 	.db #0x00	; 0
    00000110 00                     319 	.db #0x00	; 0
    00000111 00                     320 	.db #0x00	; 0
    00000112 00                     321 	.db #0x00	; 0
    00000113 00                     322 	.db #0x00	; 0
    00000114 00                     323 	.db #0x00	; 0
    00000115 00                     324 	.db #0x00	; 0
    00000116 00                     325 	.db #0x00	; 0
    00000117 00                     326 	.db #0x00	; 0
    00000118 00                     327 	.db #0x00	; 0
    00000119 00                     328 	.db #0x00	; 0
    0000011A 00                     329 	.db #0x00	; 0
    0000011B 00                     330 	.db #0x00	; 0
    0000011C 00                     331 	.db #0x00	; 0
    0000011D 00                     332 	.db #0x00	; 0
    0000011E 00                     333 	.db #0x00	; 0
    0000011F 00                     334 	.db #0x00	; 0
    00000120 00                     335 	.db #0x00	; 0
    00000121 00                     336 	.db #0x00	; 0
    00000122 00                     337 	.db #0x00	; 0
    00000123 00                     338 	.db #0x00	; 0
    00000124 00                     339 	.db #0x00	; 0
    00000125 00                     340 	.db #0x00	; 0
    00000126 00                     341 	.db #0x00	; 0
    00000127 00                     342 	.db #0x00	; 0
    00000128 00                     343 	.db #0x00	; 0
    00000129 00                     344 	.db #0x00	; 0
    0000012A 00                     345 	.db #0x00	; 0
    0000012B 00                     346 	.db #0x00	; 0
    0000012C 00                     347 	.db #0x00	; 0
    0000012D 00                     348 	.db #0x00	; 0
    0000012E 00                     349 	.db #0x00	; 0
    0000012F 00                     350 	.db #0x00	; 0
    00000130 00                     351 	.db #0x00	; 0
    00000131 00                     352 	.db #0x00	; 0
    00000132 00                     353 	.db #0x00	; 0
    00000133 00                     354 	.db #0x00	; 0
    00000134 00                     355 	.db #0x00	; 0
    00000135 00                     356 	.db #0x00	; 0
    00000136 00                     357 	.db #0x00	; 0
    00000137 00                     358 	.db #0x00	; 0
    00000138 00                     359 	.db #0x00	; 0
    00000139 00                     360 	.db #0x00	; 0
    0000013A 00                     361 	.db #0x00	; 0
    0000013B 00                     362 	.db #0x00	; 0
    0000013C 00                     363 	.db #0x00	; 0
    0000013D 00                     364 	.db #0x00	; 0
    0000013E 00                     365 	.db #0x00	; 0
    0000013F 00                     366 	.db #0x00	; 0
    00000140 00                     367 	.db #0x00	; 0
    00000141 00                     368 	.db #0x00	; 0
    00000142 00                     369 	.db #0x00	; 0
    00000143 00                     370 	.db #0x00	; 0
    00000144 00                     371 	.db #0x00	; 0
    00000145 00                     372 	.db #0x00	; 0
    00000146 00                     373 	.db #0x00	; 0
    00000147 00                     374 	.db #0x00	; 0
    00000148 00                     375 	.db #0x00	; 0
    00000149 00                     376 	.db #0x00	; 0
    0000014A 00                     377 	.db #0x00	; 0
    0000014B 00                     378 	.db #0x00	; 0
    0000014C 00                     379 	.db #0x00	; 0
    0000014D 00                     380 	.db #0x00	; 0
    0000014E 00                     381 	.db #0x00	; 0
    0000014F 00                     382 	.db #0x00	; 0
    00000150 00                     383 	.db #0x00	; 0
    00000151 00                     384 	.db #0x00	; 0
    00000152 00                     385 	.db #0x00	; 0
    00000153 00                     386 	.db #0x00	; 0
    00000154 00                     387 	.db #0x00	; 0
    00000155 00                     388 	.db #0x00	; 0
    00000156 00                     389 	.db #0x00	; 0
    00000157 00                     390 	.db #0x00	; 0
    00000158 00                     391 	.db #0x00	; 0
    00000159 00                     392 	.db #0x00	; 0
    0000015A 00                     393 	.db #0x00	; 0
    0000015B 00                     394 	.db #0x00	; 0
    0000015C 00                     395 	.db #0x00	; 0
    0000015D 00                     396 	.db #0x00	; 0
    0000015E 00                     397 	.db #0x00	; 0
    0000015F 00                     398 	.db #0x00	; 0
    00000160 00                     399 	.db #0x00	; 0
    00000161 00                     400 	.db #0x00	; 0
    00000162 00                     401 	.db #0x00	; 0
    00000163 00                     402 	.db #0x00	; 0
    00000164 00                     403 	.db #0x00	; 0
    00000165 00                     404 	.db #0x00	; 0
    00000166 00                     405 	.db #0x00	; 0
    00000167 00                     406 	.db #0x00	; 0
    00000168 00                     407 	.db #0x00	; 0
    00000169 00                     408 	.db #0x00	; 0
    0000016A 00                     409 	.db #0x00	; 0
    0000016B 00                     410 	.db #0x00	; 0
    0000016C 00                     411 	.db #0x00	; 0
    0000016D 00                     412 	.db #0x00	; 0
    0000016E 00                     413 	.db #0x00	; 0
    0000016F 00                     414 	.db #0x00	; 0
    00000170 00                     415 	.db #0x00	; 0
    00000171 00                     416 	.db #0x00	; 0
    00000172 00                     417 	.db #0x00	; 0
    00000173 00                     418 	.db #0x00	; 0
    00000174 00                     419 	.db #0x00	; 0
    00000175 00                     420 	.db #0x00	; 0
    00000176 00                     421 	.db #0x00	; 0
    00000177 00                     422 	.db #0x00	; 0
    00000178 00                     423 	.db #0x00	; 0
    00000179 00                     424 	.db #0x00	; 0
    0000017A 00                     425 	.db #0x00	; 0
    0000017B 00                     426 	.db #0x00	; 0
    0000017C 00                     427 	.db #0x00	; 0
    0000017D 00                     428 	.db #0x00	; 0
    0000017E 00                     429 	.db #0x00	; 0
    0000017F 00                     430 	.db #0x00	; 0
    00000180 00                     431 	.db #0x00	; 0
    00000181 00                     432 	.db #0x00	; 0
    00000182 00                     433 	.db #0x00	; 0
    00000183 00                     434 	.db #0x00	; 0
    00000184 00                     435 	.db #0x00	; 0
    00000185 00                     436 	.db #0x00	; 0
    00000186 00                     437 	.db #0x00	; 0
    00000187 00                     438 	.db #0x00	; 0
    00000188 00                     439 	.db #0x00	; 0
    00000189 00                     440 	.db #0x00	; 0
    0000018A 00                     441 	.db #0x00	; 0
    0000018B 00                     442 	.db #0x00	; 0
    0000018C 00                     443 	.db #0x00	; 0
    0000018D 00                     444 	.db #0x00	; 0
    0000018E 00                     445 	.db #0x00	; 0
    0000018F 00                     446 	.db #0x00	; 0
    00000190 00                     447 	.db #0x00	; 0
    00000191 00                     448 	.db #0x00	; 0
    00000192 00                     449 	.db #0x00	; 0
    00000193 00                     450 	.db #0x00	; 0
    00000194 00                     451 	.db #0x00	; 0
    00000195 00                     452 	.db #0x00	; 0
    00000196 00                     453 	.db #0x00	; 0
    00000197 00                     454 	.db #0x00	; 0
    00000198 00                     455 	.db #0x00	; 0
    00000199 00                     456 	.db #0x00	; 0
    0000019A 00                     457 	.db #0x00	; 0
    0000019B 00                     458 	.db #0x00	; 0
    0000019C 00                     459 	.db #0x00	; 0
    0000019D 00                     460 	.db #0x00	; 0
    0000019E 00                     461 	.db #0x00	; 0
    0000019F 00                     462 	.db #0x00	; 0
    000001A0 00                     463 	.db #0x00	; 0
    000001A1 00                     464 	.db #0x00	; 0
    000001A2 00                     465 	.db #0x00	; 0
    000001A3 00                     466 	.db #0x00	; 0
    000001A4 00                     467 	.db #0x00	; 0
    000001A5 00                     468 	.db #0x00	; 0
    000001A6 00                     469 	.db #0x00	; 0
    000001A7 00                     470 	.db #0x00	; 0
    000001A8 00                     471 	.db #0x00	; 0
    000001A9 00                     472 	.db #0x00	; 0
    000001AA 00                     473 	.db #0x00	; 0
    000001AB 00                     474 	.db #0x00	; 0
    000001AC 00                     475 	.db #0x00	; 0
    000001AD 00                     476 	.db #0x00	; 0
    000001AE 00                     477 	.db #0x00	; 0
    000001AF 00                     478 	.db #0x00	; 0
    000001B0 00                     479 	.db #0x00	; 0
    000001B1 00                     480 	.db #0x00	; 0
    000001B2 00                     481 	.db #0x00	; 0
    000001B3 00                     482 	.db #0x00	; 0
    000001B4 00                     483 	.db #0x00	; 0
    000001B5 00                     484 	.db #0x00	; 0
    000001B6 00                     485 	.db #0x00	; 0
    000001B7 00                     486 	.db #0x00	; 0
    000001B8 00                     487 	.db #0x00	; 0
    000001B9 00                     488 	.db #0x00	; 0
    000001BA 00                     489 	.db #0x00	; 0
    000001BB 00                     490 	.db #0x00	; 0
    000001BC 00                     491 	.db #0x00	; 0
    000001BD 00                     492 	.db #0x00	; 0
    000001BE 00                     493 	.db #0x00	; 0
    000001BF 00                     494 	.db #0x00	; 0
    000001C0 00                     495 	.db #0x00	; 0
    000001C1 00                     496 	.db #0x00	; 0
    000001C2 00                     497 	.db #0x00	; 0
    000001C3 00                     498 	.db #0x00	; 0
    000001C4 00                     499 	.db #0x00	; 0
    000001C5 00                     500 	.db #0x00	; 0
    000001C6 00                     501 	.db #0x00	; 0
    000001C7 00                     502 	.db #0x00	; 0
    000001C8 00                     503 	.db #0x00	; 0
    000001C9 00                     504 	.db #0x00	; 0
    000001CA 00                     505 	.db #0x00	; 0
    000001CB 00                     506 	.db #0x00	; 0
    000001CC 00                     507 	.db #0x00	; 0
    000001CD 00                     508 	.db #0x00	; 0
    000001CE 00                     509 	.db #0x00	; 0
    000001CF 00                     510 	.db #0x00	; 0
    000001D0 00                     511 	.db #0x00	; 0
    000001D1 00                     512 	.db #0x00	; 0
    000001D2 00                     513 	.db #0x00	; 0
    000001D3 00                     514 	.db #0x00	; 0
    000001D4 00                     515 	.db #0x00	; 0
    000001D5 00                     516 	.db #0x00	; 0
    000001D6 00                     517 	.db #0x00	; 0
    000001D7 00                     518 	.db #0x00	; 0
    000001D8 00                     519 	.db #0x00	; 0
    000001D9 00                     520 	.db #0x00	; 0
    000001DA 00                     521 	.db #0x00	; 0
    000001DB 00                     522 	.db #0x00	; 0
    000001DC 00                     523 	.db #0x00	; 0
    000001DD 00                     524 	.db #0x00	; 0
    000001DE 00                     525 	.db #0x00	; 0
    000001DF 00                     526 	.db #0x00	; 0
    000001E0 00                     527 	.db #0x00	; 0
    000001E1 00                     528 	.db #0x00	; 0
    000001E2 00                     529 	.db #0x00	; 0
    000001E3 00                     530 	.db #0x00	; 0
    000001E4 00                     531 	.db #0x00	; 0
    000001E5 00                     532 	.db #0x00	; 0
    000001E6 00                     533 	.db #0x00	; 0
    000001E7 00                     534 	.db #0x00	; 0
    000001E8 00                     535 	.db #0x00	; 0
    000001E9 00                     536 	.db #0x00	; 0
    000001EA 00                     537 	.db #0x00	; 0
    000001EB 00                     538 	.db #0x00	; 0
    000001EC 00                     539 	.db #0x00	; 0
    000001ED 00                     540 	.db #0x00	; 0
    000001EE 00                     541 	.db #0x00	; 0
    000001EF 00                     542 	.db #0x00	; 0
    000001F0 00                     543 	.db #0x00	; 0
    000001F1 00                     544 	.db #0x00	; 0
    000001F2 00                     545 	.db #0x00	; 0
    000001F3 00                     546 	.db #0x00	; 0
    000001F4 00                     547 	.db #0x00	; 0
    000001F5 00                     548 	.db #0x00	; 0
    000001F6 00                     549 	.db #0x00	; 0
    000001F7 00                     550 	.db #0x00	; 0
    000001F8 00                     551 	.db #0x00	; 0
    000001F9 00                     552 	.db #0x00	; 0
    000001FA 00                     553 	.db #0x00	; 0
    000001FB 00                     554 	.db #0x00	; 0
    000001FC 00                     555 	.db #0x00	; 0
    000001FD 00                     556 	.db #0x00	; 0
    000001FE 00                     557 	.db #0x00	; 0
    000001FF 00                     558 	.db #0x00	; 0
    00000200 00                     559 	.db #0x00	; 0
    00000201 00                     560 	.db #0x00	; 0
    00000202 00                     561 	.db #0x00	; 0
    00000203 00                     562 	.db #0x00	; 0
    00000204 00                     563 	.db #0x00	; 0
    00000205 00                     564 	.db #0x00	; 0
    00000206 00                     565 	.db #0x00	; 0
    00000207 00                     566 	.db #0x00	; 0
    00000208 00                     567 	.db #0x00	; 0
    00000209 00                     568 	.db #0x00	; 0
    0000020A 00                     569 	.db #0x00	; 0
    0000020B 00                     570 	.db #0x00	; 0
    0000020C 00                     571 	.db #0x00	; 0
    0000020D 00                     572 	.db #0x00	; 0
    0000020E 00                     573 	.db #0x00	; 0
    0000020F 00                     574 	.db #0x00	; 0
    00000210 01                     575 	.db #0x01	; 1
    00000211 01                     576 	.db #0x01	; 1
    00000212 01                     577 	.db #0x01	; 1
    00000213 01                     578 	.db #0x01	; 1
    00000214 01                     579 	.db #0x01	; 1
    00000215 01                     580 	.db #0x01	; 1
    00000216 01                     581 	.db #0x01	; 1
    00000217 01                     582 	.db #0x01	; 1
    00000218 01                     583 	.db #0x01	; 1
    00000219 01                     584 	.db #0x01	; 1
    0000021A 01                     585 	.db #0x01	; 1
    0000021B 01                     586 	.db #0x01	; 1
    0000021C 01                     587 	.db #0x01	; 1
    0000021D 01                     588 	.db #0x01	; 1
    0000021E 01                     589 	.db #0x01	; 1
    0000021F 01                     590 	.db #0x01	; 1
    00000220 01                     591 	.db #0x01	; 1
    00000221 01                     592 	.db #0x01	; 1
    00000222 01                     593 	.db #0x01	; 1
    00000223 01                     594 	.db #0x01	; 1
    00000224 01                     595 	.db #0x01	; 1
    00000225 01                     596 	.db #0x01	; 1
    00000226 01                     597 	.db #0x01	; 1
    00000227 01                     598 	.db #0x01	; 1
    00000228 01                     599 	.db #0x01	; 1
    00000229 01                     600 	.db #0x01	; 1
    0000022A 01                     601 	.db #0x01	; 1
    0000022B 01                     602 	.db #0x01	; 1
    0000022C 01                     603 	.db #0x01	; 1
    0000022D 01                     604 	.db #0x01	; 1
    0000022E 01                     605 	.db #0x01	; 1
    0000022F 01                     606 	.db #0x01	; 1
    00000230 02                     607 	.db #0x02	; 2
    00000231 02                     608 	.db #0x02	; 2
    00000232 02                     609 	.db #0x02	; 2
    00000233 02                     610 	.db #0x02	; 2
    00000234 02                     611 	.db #0x02	; 2
    00000235 02                     612 	.db #0x02	; 2
    00000236 02                     613 	.db #0x02	; 2
    00000237 02                     614 	.db #0x02	; 2
    00000238 02                     615 	.db #0x02	; 2
    00000239 02                     616 	.db #0x02	; 2
    0000023A 02                     617 	.db #0x02	; 2
    0000023B 02                     618 	.db #0x02	; 2
    0000023C 02                     619 	.db #0x02	; 2
    0000023D 02                     620 	.db #0x02	; 2
    0000023E 02                     621 	.db #0x02	; 2
    0000023F 02                     622 	.db #0x02	; 2
    00000240 02                     623 	.db #0x02	; 2
    00000241 02                     624 	.db #0x02	; 2
    00000242 02                     625 	.db #0x02	; 2
    00000243 02                     626 	.db #0x02	; 2
    00000244 02                     627 	.db #0x02	; 2
    00000245 02                     628 	.db #0x02	; 2
    00000246 02                     629 	.db #0x02	; 2
    00000247 02                     630 	.db #0x02	; 2
    00000248 02                     631 	.db #0x02	; 2
    00000249 02                     632 	.db #0x02	; 2
    0000024A 02                     633 	.db #0x02	; 2
    0000024B 02                     634 	.db #0x02	; 2
    0000024C 02                     635 	.db #0x02	; 2
    0000024D 02                     636 	.db #0x02	; 2
    0000024E 02                     637 	.db #0x02	; 2
    0000024F 02                     638 	.db #0x02	; 2
    00000250 02                     639 	.db #0x02	; 2
    00000251 02                     640 	.db #0x02	; 2
    00000252 02                     641 	.db #0x02	; 2
    00000253 02                     642 	.db #0x02	; 2
    00000254 02                     643 	.db #0x02	; 2
    00000255 02                     644 	.db #0x02	; 2
    00000256 02                     645 	.db #0x02	; 2
    00000257 02                     646 	.db #0x02	; 2
    00000258 02                     647 	.db #0x02	; 2
    00000259 02                     648 	.db #0x02	; 2
    0000025A 02                     649 	.db #0x02	; 2
    0000025B 02                     650 	.db #0x02	; 2
    0000025C 02                     651 	.db #0x02	; 2
    0000025D 02                     652 	.db #0x02	; 2
    0000025E 02                     653 	.db #0x02	; 2
    0000025F 02                     654 	.db #0x02	; 2
    00000260 02                     655 	.db #0x02	; 2
    00000261 02                     656 	.db #0x02	; 2
    00000262 02                     657 	.db #0x02	; 2
    00000263 02                     658 	.db #0x02	; 2
    00000264 02                     659 	.db #0x02	; 2
    00000265 02                     660 	.db #0x02	; 2
    00000266 02                     661 	.db #0x02	; 2
    00000267 02                     662 	.db #0x02	; 2
    00000268 02                     663 	.db #0x02	; 2
    00000269 02                     664 	.db #0x02	; 2
    0000026A 02                     665 	.db #0x02	; 2
    0000026B 02                     666 	.db #0x02	; 2
    0000026C 02                     667 	.db #0x02	; 2
    0000026D 02                     668 	.db #0x02	; 2
    0000026E 02                     669 	.db #0x02	; 2
    0000026F 02                     670 	.db #0x02	; 2
                                    671 	.area _INITIALIZER
                                    672 	.area _CABS (ABS)
