                                      1 ;--------------------------------------------------------
                                      2 ; File Created by SDCC : free open source ISO C Compiler 
                                      3 ; Version 4.4.1 #14650 (MINGW64)
                                      4 ;--------------------------------------------------------
                                      5 	.module ghosty
                                      6 	.optsdcc -msm83
                                      7 	
                                      8 ;--------------------------------------------------------
                                      9 ; Public variables in this module
                                     10 ;--------------------------------------------------------
                                     11 	.globl _ghostyMS
                                     12 	.globl _ghostyTiles
                                     13 ;--------------------------------------------------------
                                     14 ; special function registers
                                     15 ;--------------------------------------------------------
                                     16 ;--------------------------------------------------------
                                     17 ; ram data
                                     18 ;--------------------------------------------------------
                                     19 	.area _DATA
    00000000                         20 _ghostyX:
    00000000                         21 	.ds 2
    00000002                         22 _ghostyY:
    00000002                         23 	.ds 2
    00000004                         24 _ghostySpeedX:
    00000004                         25 	.ds 2
    00000006                         26 _ghostySpeedY:
    00000006                         27 	.ds 2
    00000008                         28 _pghostyX:
    00000008                         29 	.ds 2
    0000000A                         30 _pghostyY:
    0000000A                         31 	.ds 2
                                     32 ;--------------------------------------------------------
                                     33 ; ram data
                                     34 ;--------------------------------------------------------
                                     35 	.area _INITIALIZED
    00000000                         36 _ghostyTiles::
    00000000                         37 	.ds 64
                                     38 ;--------------------------------------------------------
                                     39 ; absolute external ram data
                                     40 ;--------------------------------------------------------
                                     41 	.area _DABS (ABS)
                                     42 ;--------------------------------------------------------
                                     43 ; global & static initialisations
                                     44 ;--------------------------------------------------------
                                     45 	.area _HOME
                                     46 	.area _GSINIT
                                     47 	.area _GSFINAL
                                     48 	.area _GSINIT
                                     49 ;--------------------------------------------------------
                                     50 ; Home
                                     51 ;--------------------------------------------------------
                                     52 	.area _HOME
                                     53 	.area _HOME
                                     54 ;--------------------------------------------------------
                                     55 ; code
                                     56 ;--------------------------------------------------------
                                     57 	.area _CODE
                                     58 	.area _CODE
    00000000                         59 _ghostyMS:
    00000000 F8                      60 	.db #0xf8	; -8
    00000001 F8                      61 	.db #0xf8	; -8
    00000002 00                      62 	.db #0x00	; 0
    00000003 00                      63 	.db #0x00	; 0
    00000004 00                      64 	.db #0x00	;  0
    00000005 08                      65 	.db #0x08	;  8
    00000006 01                      66 	.db #0x01	; 1
    00000007 00                      67 	.db #0x00	; 0
    00000008 08                      68 	.db #0x08	;  8
    00000009 F8                      69 	.db #0xf8	; -8
    0000000A 02                      70 	.db #0x02	; 2
    0000000B 00                      71 	.db #0x00	; 0
    0000000C 00                      72 	.db #0x00	;  0
    0000000D 08                      73 	.db #0x08	;  8
    0000000E 03                      74 	.db #0x03	; 3
    0000000F 00                      75 	.db #0x00	; 0
    00000010 80                      76 	.db #0x80	; -128
    00000011 00                      77 	.db #0x00	;  0
    00000012 00                      78 	.db #0x00	; 0
    00000013 00                      79 	.db #0x00	; 0
                                     80 	.area _INITIALIZER
    00000000                         81 __xinit__ghostyTiles:
    00000000 00                      82 	.db #0x00	; 0
    00000001 01                      83 	.db #0x01	; 1
    00000002 01                      84 	.db #0x01	; 1
    00000003 02                      85 	.db #0x02	; 2
    00000004 03                      86 	.db #0x03	; 3
    00000005 04                      87 	.db #0x04	; 4
    00000006 07                      88 	.db #0x07	; 7
    00000007 08                      89 	.db #0x08	; 8
    00000008 0F                      90 	.db #0x0f	; 15
    00000009 10                      91 	.db #0x10	; 16
    0000000A 0F                      92 	.db #0x0f	; 15
    0000000B 10                      93 	.db #0x10	; 16
    0000000C 0F                      94 	.db #0x0f	; 15
    0000000D 10                      95 	.db #0x10	; 16
    0000000E 0F                      96 	.db #0x0f	; 15
    0000000F 10                      97 	.db #0x10	; 16
    00000010 00                      98 	.db #0x00	; 0
    00000011 E0                      99 	.db #0xe0	; 224
    00000012 E0                     100 	.db #0xe0	; 224
    00000013 10                     101 	.db #0x10	; 16
    00000014 F0                     102 	.db #0xf0	; 240
    00000015 08                     103 	.db #0x08	; 8
    00000016 F8                     104 	.db #0xf8	; 248
    00000017 04                     105 	.db #0x04	; 4
    00000018 FE                     106 	.db #0xfe	; 254
    00000019 00                     107 	.db #0x00	; 0
    0000001A FE                     108 	.db #0xfe	; 254
    0000001B 62                     109 	.db #0x62	; 98	'b'
    0000001C FE                     110 	.db #0xfe	; 254
    0000001D F6                     111 	.db #0xf6	; 246
    0000001E FE                     112 	.db #0xfe	; 254
    0000001F F6                     113 	.db #0xf6	; 246
    00000020 0F                     114 	.db #0x0f	; 15
    00000021 10                     115 	.db #0x10	; 16
    00000022 0F                     116 	.db #0x0f	; 15
    00000023 10                     117 	.db #0x10	; 16
    00000024 0F                     118 	.db #0x0f	; 15
    00000025 10                     119 	.db #0x10	; 16
    00000026 1F                     120 	.db #0x1f	; 31
    00000027 20                     121 	.db #0x20	; 32
    00000028 3F                     122 	.db #0x3f	; 63
    00000029 C0                     123 	.db #0xc0	; 192
    0000002A 0F                     124 	.db #0x0f	; 15
    0000002B 70                     125 	.db #0x70	; 112	'p'
    0000002C 00                     126 	.db #0x00	; 0
    0000002D 1F                     127 	.db #0x1f	; 31
    0000002E 00                     128 	.db #0x00	; 0
    0000002F 00                     129 	.db #0x00	; 0
    00000030 FE                     130 	.db #0xfe	; 254
    00000031 62                     131 	.db #0x62	; 98	'b'
    00000032 FE                     132 	.db #0xfe	; 254
    00000033 00                     133 	.db #0x00	; 0
    00000034 FE                     134 	.db #0xfe	; 254
    00000035 00                     135 	.db #0x00	; 0
    00000036 FC                     136 	.db #0xfc	; 252
    00000037 02                     137 	.db #0x02	; 2
    00000038 E0                     138 	.db #0xe0	; 224
    00000039 1C                     139 	.db #0x1c	; 28
    0000003A 00                     140 	.db #0x00	; 0
    0000003B E0                     141 	.db #0xe0	; 224
    0000003C 00                     142 	.db #0x00	; 0
    0000003D 00                     143 	.db #0x00	; 0
    0000003E 00                     144 	.db #0x00	; 0
    0000003F 00                     145 	.db #0x00	; 0
                                    146 	.area _CABS (ABS)
