                                      1 ;--------------------------------------------------------
                                      2 ; File Created by SDCC : free open source ISO C Compiler 
                                      3 ; Version 4.4.1 #14650 (MINGW64)
                                      4 ;--------------------------------------------------------
                                      5 	.module joypadMgmt
                                      6 	.optsdcc -msm83
                                      7 	
                                      8 ;--------------------------------------------------------
                                      9 ; Public variables in this module
                                     10 ;--------------------------------------------------------
                                     11 	.globl _joypad
                                     12 	.globl _joypadMgr
                                     13 ;--------------------------------------------------------
                                     14 ; special function registers
                                     15 ;--------------------------------------------------------
                                     16 ;--------------------------------------------------------
                                     17 ; ram data
                                     18 ;--------------------------------------------------------
                                     19 	.area _DATA
                                     20 ;--------------------------------------------------------
                                     21 ; ram data
                                     22 ;--------------------------------------------------------
                                     23 	.area _INITIALIZED
                                     24 ;--------------------------------------------------------
                                     25 ; absolute external ram data
                                     26 ;--------------------------------------------------------
                                     27 	.area _DABS (ABS)
                                     28 ;--------------------------------------------------------
                                     29 ; global & static initialisations
                                     30 ;--------------------------------------------------------
                                     31 	.area _HOME
                                     32 	.area _GSINIT
                                     33 	.area _GSFINAL
                                     34 	.area _GSINIT
                                     35 ;--------------------------------------------------------
                                     36 ; Home
                                     37 ;--------------------------------------------------------
                                     38 	.area _HOME
                                     39 	.area _HOME
                                     40 ;--------------------------------------------------------
                                     41 ; code
                                     42 ;--------------------------------------------------------
                                     43 	.area _CODE
                                     44 ;C:\Users\wsajj\GBdev\gbdk\_code\gbJam24\source\Mechanic\joypadMgmt.c:8: int8_t joypadMgr(void){
                                     45 ;	---------------------------------
                                     46 ; Function joypadMgr
                                     47 ; ---------------------------------
    00000000                         48 _joypadMgr::
    00000000 3B               [ 8]   49 	dec	sp
                                     50 ;C:\Users\wsajj\GBdev\gbdk\_code\gbJam24\source\Mechanic\joypadMgmt.c:10: joypadCurrent = joypad();
    00000001 CDr00r00         [24]   51 	call	_joypad
    00000004 EAr00r00         [16]   52 	ld	(#_joypadCurrent),a
                                     53 ;C:\Users\wsajj\GBdev\gbdk\_code\gbJam24\source\Mechanic\joypadMgmt.c:11: int8_t isMoving = 0;
    00000007 F8 00            [12]   54 	ldhl	sp,	#0
    00000009 36 00            [12]   55 	ld	(hl), #0x00
                                     56 ;C:\Users\wsajj\GBdev\gbdk\_code\gbJam24\source\Mechanic\joypadMgmt.c:34: if(joypadCurrent & J_LEFT){
    0000000B FAr00r00         [16]   57 	ld	a, (#_joypadCurrent)
    0000000E CB 4F            [ 8]   58 	bit	1, a
    00000010 28 63            [12]   59 	jr	Z, 00104$
                                     60 ;C:\Users\wsajj\GBdev\gbdk\_code\gbJam24\source\Mechanic\joypadMgmt.c:36: isMoving = -1;
    00000012 F8 00            [12]   61 	ldhl	sp,	#0
    00000014 36 FF            [12]   62 	ld	(hl), #0xff
                                     63 ;C:\Users\wsajj\GBdev\gbdk\_code\gbJam24\source\Mechanic\joypadMgmt.c:38: if(pcFacing==1){
    00000016 FAr00r00         [16]   64 	ld	a, (#_pcFacing)
    00000019 3D               [ 4]   65 	dec	a
    0000001A 20 29            [12]   66 	jr	NZ, 00102$
                                     67 ;C:\Users\wsajj\GBdev\gbdk\_code\gbJam24\source\Mechanic\joypadMgmt.c:39: move_metasprite_flipx(ghostyMS,0,0,0,ghostyX,ghostyY);
    0000001C 21r00r00         [12]   68 	ld	hl, #_ghostyY
    0000001F 4E               [ 8]   69 	ld	c, (hl)
    00000020 21r00r00         [12]   70 	ld	hl, #_ghostyX
    00000023 5E               [ 8]   71 	ld	e, (hl)
                                     72 ;c:\users\wsajj\gbdev\gbdk\include\gb\metasprites.h:200: __current_metasprite = metasprite;
    00000024 21r00r00         [12]   73 	ld	hl, #___current_metasprite
    00000027 3Er00            [ 8]   74 	ld	a, #<(_ghostyMS)
    00000029 22               [ 8]   75 	ld	(hl+), a
    0000002A 36s00            [12]   76 	ld	(hl), #>(_ghostyMS)
                                     77 ;c:\users\wsajj\gbdev\gbdk\include\gb\metasprites.h:201: __current_base_tile = base_tile;
    0000002C 21r00r00         [12]   78 	ld	hl, #___current_base_tile
    0000002F 36 00            [12]   79 	ld	(hl), #0x00
                                     80 ;c:\users\wsajj\gbdev\gbdk\include\gb\metasprites.h:202: __current_base_prop = base_prop;
    00000031 21r00r00         [12]   81 	ld	hl, #___current_base_prop
    00000034 36 00            [12]   82 	ld	(hl), #0x00
                                     83 ;c:\users\wsajj\gbdev\gbdk\include\gb\metasprites.h:203: return __move_metasprite_flipx(base_sprite, (y << 8) | (uint8_t)(x - 8u));
    00000036 41               [ 4]   84 	ld	b, c
    00000037 7B               [ 4]   85 	ld	a, e
    00000038 C6 F8            [ 8]   86 	add	a, #0xf8
    0000003A 5F               [ 4]   87 	ld	e, a
    0000003B 50               [ 4]   88 	ld	d, b
    0000003C AF               [ 4]   89 	xor	a, a
    0000003D CDr00r00         [24]   90 	call	___move_metasprite_flipx
                                     91 ;C:\Users\wsajj\GBdev\gbdk\_code\gbJam24\source\Mechanic\joypadMgmt.c:40: pcFacing = 0;
    00000040 21r00r00         [12]   92 	ld	hl, #_pcFacing
    00000043 36 00            [12]   93 	ld	(hl), #0x00
    00000045                         94 00102$:
                                     95 ;C:\Users\wsajj\GBdev\gbdk\_code\gbJam24\source\Mechanic\joypadMgmt.c:43: ghostyX = ghostyX - 2;
    00000045 21r00r00         [12]   96 	ld	hl, #_ghostyX
    00000048 2A               [ 8]   97 	ld	a, (hl+)
    00000049 4F               [ 4]   98 	ld	c, a
    0000004A 3A               [ 8]   99 	ld	a, (hl-)
    0000004B 47               [ 4]  100 	ld	b, a
    0000004C 0B               [ 8]  101 	dec	bc
    0000004D 0B               [ 8]  102 	dec	bc
    0000004E 79               [ 4]  103 	ld	a, c
    0000004F 22               [ 8]  104 	ld	(hl+), a
    00000050 70               [ 8]  105 	ld	(hl), b
                                    106 ;C:\Users\wsajj\GBdev\gbdk\_code\gbJam24\source\Mechanic\joypadMgmt.c:44: move_metasprite_flipx(ghostyMS,0,0,0,ghostyX,ghostyY);
    00000051 21r00r00         [12]  107 	ld	hl, #_ghostyY
    00000054 4E               [ 8]  108 	ld	c, (hl)
    00000055 21r00r00         [12]  109 	ld	hl, #_ghostyX
    00000058 5E               [ 8]  110 	ld	e, (hl)
                                    111 ;c:\users\wsajj\gbdev\gbdk\include\gb\metasprites.h:200: __current_metasprite = metasprite;
    00000059 21r00r00         [12]  112 	ld	hl, #___current_metasprite
    0000005C 3Er00            [ 8]  113 	ld	a, #<(_ghostyMS)
    0000005E 22               [ 8]  114 	ld	(hl+), a
    0000005F 36s00            [12]  115 	ld	(hl), #>(_ghostyMS)
                                    116 ;c:\users\wsajj\gbdev\gbdk\include\gb\metasprites.h:201: __current_base_tile = base_tile;
    00000061 21r00r00         [12]  117 	ld	hl, #___current_base_tile
    00000064 36 00            [12]  118 	ld	(hl), #0x00
                                    119 ;c:\users\wsajj\gbdev\gbdk\include\gb\metasprites.h:202: __current_base_prop = base_prop;
    00000066 21r00r00         [12]  120 	ld	hl, #___current_base_prop
    00000069 36 00            [12]  121 	ld	(hl), #0x00
                                    122 ;c:\users\wsajj\gbdev\gbdk\include\gb\metasprites.h:203: return __move_metasprite_flipx(base_sprite, (y << 8) | (uint8_t)(x - 8u));
    0000006B 41               [ 4]  123 	ld	b, c
    0000006C 7B               [ 4]  124 	ld	a, e
    0000006D C6 F8            [ 8]  125 	add	a, #0xf8
    0000006F 5F               [ 4]  126 	ld	e, a
    00000070 50               [ 4]  127 	ld	d, b
    00000071 AF               [ 4]  128 	xor	a, a
    00000072 CDr00r00         [24]  129 	call	___move_metasprite_flipx
                                    130 ;C:\Users\wsajj\GBdev\gbdk\_code\gbJam24\source\Mechanic\joypadMgmt.c:44: move_metasprite_flipx(ghostyMS,0,0,0,ghostyX,ghostyY);
    00000075                        131 00104$:
                                    132 ;C:\Users\wsajj\GBdev\gbdk\_code\gbJam24\source\Mechanic\joypadMgmt.c:48: if(joypadCurrent & J_RIGHT){
    00000075 FAr00r00         [16]  133 	ld	a, (#_joypadCurrent)
    00000078 0F               [ 4]  134 	rrca
    00000079 30 59            [12]  135 	jr	NC, 00108$
                                    136 ;C:\Users\wsajj\GBdev\gbdk\_code\gbJam24\source\Mechanic\joypadMgmt.c:50: isMoving = 1;
    0000007B F8 00            [12]  137 	ldhl	sp,	#0
    0000007D 36 01            [12]  138 	ld	(hl), #0x01
                                    139 ;C:\Users\wsajj\GBdev\gbdk\_code\gbJam24\source\Mechanic\joypadMgmt.c:52: if(pcFacing==0){
    0000007F FAr00r00         [16]  140 	ld	a, (#_pcFacing)
    00000082 B7               [ 4]  141 	or	a, a
    00000083 20 24            [12]  142 	jr	NZ, 00106$
                                    143 ;C:\Users\wsajj\GBdev\gbdk\_code\gbJam24\source\Mechanic\joypadMgmt.c:53: move_metasprite_ex(ghostyMS,0,0,0,ghostyX,ghostyY);
    00000085 21r00r00         [12]  144 	ld	hl, #_ghostyY
    00000088 4E               [ 8]  145 	ld	c, (hl)
    00000089 21r00r00         [12]  146 	ld	hl, #_ghostyX
    0000008C 5E               [ 8]  147 	ld	e, (hl)
                                    148 ;c:\users\wsajj\gbdev\gbdk\include\gb\metasprites.h:160: __current_metasprite = metasprite;
    0000008D 21r00r00         [12]  149 	ld	hl, #___current_metasprite
    00000090 3Er00            [ 8]  150 	ld	a, #<(_ghostyMS)
    00000092 22               [ 8]  151 	ld	(hl+), a
    00000093 36s00            [12]  152 	ld	(hl), #>(_ghostyMS)
                                    153 ;c:\users\wsajj\gbdev\gbdk\include\gb\metasprites.h:161: __current_base_tile = base_tile;
    00000095 21r00r00         [12]  154 	ld	hl, #___current_base_tile
    00000098 36 00            [12]  155 	ld	(hl), #0x00
                                    156 ;c:\users\wsajj\gbdev\gbdk\include\gb\metasprites.h:162: __current_base_prop = base_prop;
    0000009A 21r00r00         [12]  157 	ld	hl, #___current_base_prop
    0000009D 36 00            [12]  158 	ld	(hl), #0x00
                                    159 ;c:\users\wsajj\gbdev\gbdk\include\gb\metasprites.h:163: return __move_metasprite(base_sprite, (y << 8) | (uint8_t)x);
    0000009F 51               [ 4]  160 	ld	d, c
    000000A0 AF               [ 4]  161 	xor	a, a
    000000A1 CDr00r00         [24]  162 	call	___move_metasprite
                                    163 ;C:\Users\wsajj\GBdev\gbdk\_code\gbJam24\source\Mechanic\joypadMgmt.c:54: pcFacing = 1;
    000000A4 21r00r00         [12]  164 	ld	hl, #_pcFacing
    000000A7 36 01            [12]  165 	ld	(hl), #0x01
    000000A9                        166 00106$:
                                    167 ;C:\Users\wsajj\GBdev\gbdk\_code\gbJam24\source\Mechanic\joypadMgmt.c:57: ghostyX = ghostyX + 2;
    000000A9 21r00r00         [12]  168 	ld	hl, #_ghostyX
    000000AC 2A               [ 8]  169 	ld	a, (hl+)
    000000AD 4F               [ 4]  170 	ld	c, a
    000000AE 3A               [ 8]  171 	ld	a, (hl-)
    000000AF 47               [ 4]  172 	ld	b, a
    000000B0 03               [ 8]  173 	inc	bc
    000000B1 03               [ 8]  174 	inc	bc
    000000B2 79               [ 4]  175 	ld	a, c
    000000B3 22               [ 8]  176 	ld	(hl+), a
    000000B4 70               [ 8]  177 	ld	(hl), b
                                    178 ;C:\Users\wsajj\GBdev\gbdk\_code\gbJam24\source\Mechanic\joypadMgmt.c:58: move_metasprite_ex(ghostyMS,0,0,0,ghostyX,ghostyY);
    000000B5 21r00r00         [12]  179 	ld	hl, #_ghostyY
    000000B8 4E               [ 8]  180 	ld	c, (hl)
    000000B9 21r00r00         [12]  181 	ld	hl, #_ghostyX
    000000BC 5E               [ 8]  182 	ld	e, (hl)
                                    183 ;c:\users\wsajj\gbdev\gbdk\include\gb\metasprites.h:160: __current_metasprite = metasprite;
    000000BD 21r00r00         [12]  184 	ld	hl, #___current_metasprite
    000000C0 3Er00            [ 8]  185 	ld	a, #<(_ghostyMS)
    000000C2 22               [ 8]  186 	ld	(hl+), a
    000000C3 36s00            [12]  187 	ld	(hl), #>(_ghostyMS)
                                    188 ;c:\users\wsajj\gbdev\gbdk\include\gb\metasprites.h:161: __current_base_tile = base_tile;
    000000C5 21r00r00         [12]  189 	ld	hl, #___current_base_tile
    000000C8 36 00            [12]  190 	ld	(hl), #0x00
                                    191 ;c:\users\wsajj\gbdev\gbdk\include\gb\metasprites.h:162: __current_base_prop = base_prop;
    000000CA 21r00r00         [12]  192 	ld	hl, #___current_base_prop
    000000CD 36 00            [12]  193 	ld	(hl), #0x00
                                    194 ;c:\users\wsajj\gbdev\gbdk\include\gb\metasprites.h:163: return __move_metasprite(base_sprite, (y << 8) | (uint8_t)x);
    000000CF 51               [ 4]  195 	ld	d, c
    000000D0 AF               [ 4]  196 	xor	a, a
    000000D1 CDr00r00         [24]  197 	call	___move_metasprite
                                    198 ;C:\Users\wsajj\GBdev\gbdk\_code\gbJam24\source\Mechanic\joypadMgmt.c:58: move_metasprite_ex(ghostyMS,0,0,0,ghostyX,ghostyY);
    000000D4                        199 00108$:
                                    200 ;C:\Users\wsajj\GBdev\gbdk\_code\gbJam24\source\Mechanic\joypadMgmt.c:61: return isMoving;
    000000D4 F8 00            [12]  201 	ldhl	sp,	#0
    000000D6 7E               [ 8]  202 	ld	a, (hl)
                                    203 ;C:\Users\wsajj\GBdev\gbdk\_code\gbJam24\source\Mechanic\joypadMgmt.c:63: }
    000000D7 33               [ 8]  204 	inc	sp
    000000D8 C9               [16]  205 	ret
                                    206 	.area _CODE
                                    207 	.area _INITIALIZER
                                    208 	.area _CABS (ABS)
