                                      1 ;--------------------------------------------------------
                                      2 ; File Created by SDCC : free open source ISO C Compiler 
                                      3 ; Version 4.4.1 #14650 (MINGW64)
                                      4 ;--------------------------------------------------------
                                      5 	.module loadGame
                                      6 	.optsdcc -msm83
                                      7 	
                                      8 ;--------------------------------------------------------
                                      9 ; Public variables in this module
                                     10 ;--------------------------------------------------------
                                     11 	.globl _initBoneTable
                                     12 	.globl _initrand
                                     13 	.globl _bkgInterrupts
                                     14 	.globl _set_default_palette
                                     15 	.globl _set_sprite_palette
                                     16 	.globl _set_bkg_palette
                                     17 	.globl _set_sprite_data
                                     18 	.globl _set_bkg_tiles
                                     19 	.globl _set_bkg_data
                                     20 	.globl _vsync
                                     21 	.globl _set_interrupts
                                     22 	.globl _waitpad
                                     23 	.globl _add_LCD
                                     24 	.globl _spriteSize
                                     25 	.globl _setBkgd
                                     26 	.globl _setGhosty
                                     27 	.globl _setBone
                                     28 	.globl _smallDelay
                                     29 	.globl _gameFirstLoad
                                     30 ;--------------------------------------------------------
                                     31 ; special function registers
                                     32 ;--------------------------------------------------------
                                     33 ;--------------------------------------------------------
                                     34 ; ram data
                                     35 ;--------------------------------------------------------
                                     36 	.area _DATA
    00000000                         37 _ghostyX:
    00000000                         38 	.ds 2
    00000002                         39 _ghostyY:
    00000002                         40 	.ds 2
    00000004                         41 _ghostySpeedX:
    00000004                         42 	.ds 2
    00000006                         43 _ghostySpeedY:
    00000006                         44 	.ds 2
    00000008                         45 _pghostyX:
    00000008                         46 	.ds 2
    0000000A                         47 _pghostyY:
    0000000A                         48 	.ds 2
    0000000C                         49 _activeBones:
    0000000C                         50 	.ds 1
    0000000D                         51 _boneCounter:
    0000000D                         52 	.ds 1
    0000000E                         53 _frameCounter:
    0000000E                         54 	.ds 1
                                     55 ;--------------------------------------------------------
                                     56 ; ram data
                                     57 ;--------------------------------------------------------
                                     58 	.area _INITIALIZED
    00000000                         59 _spriteSize::
    00000000                         60 	.ds 1
                                     61 ;--------------------------------------------------------
                                     62 ; absolute external ram data
                                     63 ;--------------------------------------------------------
                                     64 	.area _DABS (ABS)
                                     65 ;--------------------------------------------------------
                                     66 ; global & static initialisations
                                     67 ;--------------------------------------------------------
                                     68 	.area _HOME
                                     69 	.area _GSINIT
                                     70 	.area _GSFINAL
                                     71 	.area _GSINIT
                                     72 ;--------------------------------------------------------
                                     73 ; Home
                                     74 ;--------------------------------------------------------
                                     75 	.area _HOME
                                     76 	.area _HOME
                                     77 ;--------------------------------------------------------
                                     78 ; code
                                     79 ;--------------------------------------------------------
                                     80 	.area _CODE
                                     81 ;C:\Users\wsajj\GBdev\gbdk\_code\gbJam24\source\GameStates\loadGame.c:20: void setBkgd(void){
                                     82 ;	---------------------------------
                                     83 ; Function setBkgd
                                     84 ; ---------------------------------
    00000000                         85 _setBkgd::
                                     86 ;C:\Users\wsajj\GBdev\gbdk\_code\gbJam24\source\GameStates\loadGame.c:22: set_bkg_data(0, bkgd_TILE_COUNT, bkgd_tiles);    
    00000000 11r00r00         [12]   87 	ld	de, #_bkgd_tiles
    00000003 D5               [16]   88 	push	de
    00000004 21 00 06         [12]   89 	ld	hl, #0x600
    00000007 E5               [16]   90 	push	hl
    00000008 CDr00r00         [24]   91 	call	_set_bkg_data
    0000000B E8 04            [16]   92 	add	sp, #4
                                     93 ;C:\Users\wsajj\GBdev\gbdk\_code\gbJam24\source\GameStates\loadGame.c:23: set_bkg_palette(0,1,bkgd_palettes);
    0000000D 11r00r00         [12]   94 	ld	de, #_bkgd_palettes
    00000010 D5               [16]   95 	push	de
    00000011 AF               [ 4]   96 	xor	a, a
    00000012 3C               [ 4]   97 	inc	a
    00000013 F5               [16]   98 	push	af
    00000014 CDr00r00         [24]   99 	call	_set_bkg_palette
    00000017 E8 04            [16]  100 	add	sp, #4
                                    101 ;C:\Users\wsajj\GBdev\gbdk\_code\gbJam24\source\GameStates\loadGame.c:25: set_bkg_tiles(0, 0, 32, 18, bkgd_map_attributes);
    00000019 01r00r00         [12]  102 	ld	bc, #_bkgd_map+0
    0000001C C5               [16]  103 	push	bc
    0000001D 21 20 12         [12]  104 	ld	hl, #0x1220
    00000020 E5               [16]  105 	push	hl
    00000021 AF               [ 4]  106 	xor	a, a
    00000022 0F               [ 4]  107 	rrca
    00000023 F5               [16]  108 	push	af
    00000024 CDr00r00         [24]  109 	call	_set_bkg_tiles
    00000027 E8 06            [16]  110 	add	sp, #6
                                    111 ;C:\Users\wsajj\GBdev\gbdk\_code\gbJam24\source\GameStates\loadGame.c:27: set_bkg_tiles(0,0,32,18,bkgd_map);
    00000029 C5               [16]  112 	push	bc
    0000002A 21 20 12         [12]  113 	ld	hl, #0x1220
    0000002D E5               [16]  114 	push	hl
    0000002E AF               [ 4]  115 	xor	a, a
    0000002F 0F               [ 4]  116 	rrca
    00000030 F5               [16]  117 	push	af
    00000031 CDr00r00         [24]  118 	call	_set_bkg_tiles
    00000034 E8 06            [16]  119 	add	sp, #6
                                    120 ;C:\Users\wsajj\GBdev\gbdk\_code\gbJam24\source\GameStates\loadGame.c:28: }
    00000036 C9               [16]  121 	ret
                                    122 ;C:\Users\wsajj\GBdev\gbdk\_code\gbJam24\source\GameStates\loadGame.c:30: void setGhosty(void){
                                    123 ;	---------------------------------
                                    124 ; Function setGhosty
                                    125 ; ---------------------------------
    00000037                        126 _setGhosty::
                                    127 ;C:\Users\wsajj\GBdev\gbdk\_code\gbJam24\source\GameStates\loadGame.c:32: set_sprite_data(0, 4, ghostyTiles);
    00000037 11r00r00         [12]  128 	ld	de, #_ghostyTiles
    0000003A D5               [16]  129 	push	de
    0000003B 21 00 04         [12]  130 	ld	hl, #0x400
    0000003E E5               [16]  131 	push	hl
    0000003F CDr00r00         [24]  132 	call	_set_sprite_data
    00000042 E8 04            [16]  133 	add	sp, #4
                                    134 ;C:\Users\wsajj\GBdev\gbdk\_code\gbJam24\source\GameStates\loadGame.c:33: move_metasprite_ex(ghostyMS,0,0,0,ghostyX,ghostyY);
    00000044 21r02r00         [12]  135 	ld	hl, #_ghostyY
    00000047 4E               [ 8]  136 	ld	c, (hl)
    00000048 21r00r00         [12]  137 	ld	hl, #_ghostyX
    0000004B 5E               [ 8]  138 	ld	e, (hl)
                                    139 ;c:\users\wsajj\gbdev\gbdk\include\gb\metasprites.h:160: __current_metasprite = metasprite;
    0000004C 21r00r00         [12]  140 	ld	hl, #___current_metasprite
    0000004F 3Er00            [ 8]  141 	ld	a, #<(_ghostyMS)
    00000051 22               [ 8]  142 	ld	(hl+), a
    00000052 36s00            [12]  143 	ld	(hl), #>(_ghostyMS)
                                    144 ;c:\users\wsajj\gbdev\gbdk\include\gb\metasprites.h:161: __current_base_tile = base_tile;
    00000054 21r00r00         [12]  145 	ld	hl, #___current_base_tile
    00000057 36 00            [12]  146 	ld	(hl), #0x00
                                    147 ;c:\users\wsajj\gbdev\gbdk\include\gb\metasprites.h:162: __current_base_prop = base_prop;
    00000059 21r00r00         [12]  148 	ld	hl, #___current_base_prop
    0000005C 36 00            [12]  149 	ld	(hl), #0x00
                                    150 ;c:\users\wsajj\gbdev\gbdk\include\gb\metasprites.h:163: return __move_metasprite(base_sprite, (y << 8) | (uint8_t)x);
    0000005E 51               [ 4]  151 	ld	d, c
    0000005F AF               [ 4]  152 	xor	a, a
    00000060 CDr00r00         [24]  153 	call	___move_metasprite
                                    154 ;C:\Users\wsajj\GBdev\gbdk\_code\gbJam24\source\GameStates\loadGame.c:35: OBP0_REG=DMG_PALETTE(DMG_BLACK, DMG_DARK_GRAY, DMG_LITE_GRAY, DMG_WHITE);
    00000063 3E 1B            [ 8]  155 	ld	a, #0x1b
    00000065 E0r00            [12]  156 	ldh	(_OBP0_REG + 0), a
                                    157 ;C:\Users\wsajj\GBdev\gbdk\_code\gbJam24\source\GameStates\loadGame.c:36: }
    00000067 C9               [16]  158 	ret
                                    159 ;C:\Users\wsajj\GBdev\gbdk\_code\gbJam24\source\GameStates\loadGame.c:38: void setBone(void){
                                    160 ;	---------------------------------
                                    161 ; Function setBone
                                    162 ; ---------------------------------
    00000068                        163 _setBone::
                                    164 ;C:\Users\wsajj\GBdev\gbdk\_code\gbJam24\source\GameStates\loadGame.c:40: set_sprite_data(4,2,boneTile);
    00000068 11r00r00         [12]  165 	ld	de, #_boneTile
    0000006B D5               [16]  166 	push	de
    0000006C 3E 02            [ 8]  167 	ld	a, #0x02
    0000006E F5               [16]  168 	push	af
    0000006F 33               [ 8]  169 	inc	sp
    00000070 3E 04            [ 8]  170 	ld	a, #0x04
    00000072 F5               [16]  171 	push	af
    00000073 33               [ 8]  172 	inc	sp
    00000074 CDr00r00         [24]  173 	call	_set_sprite_data
    00000077 E8 04            [16]  174 	add	sp, #4
                                    175 ;c:\users\wsajj\gbdev\gbdk\include\gb\gb.h:1934: shadow_OAM[nb].prop=prop;
    00000079 21r13r00         [12]  176 	ld	hl, #(_shadow_OAM + 19)
    0000007C 36 00            [12]  177 	ld	(hl), #0x00
                                    178 ;C:\Users\wsajj\GBdev\gbdk\_code\gbJam24\source\GameStates\loadGame.c:43: initBoneTable();
                                    179 ;C:\Users\wsajj\GBdev\gbdk\_code\gbJam24\source\GameStates\loadGame.c:44: }
    0000007E C3r00r00         [16]  180 	jp	_initBoneTable
                                    181 ;C:\Users\wsajj\GBdev\gbdk\_code\gbJam24\source\GameStates\loadGame.c:46: void smallDelay(uint8_t numloops){
                                    182 ;	---------------------------------
                                    183 ; Function smallDelay
                                    184 ; ---------------------------------
    00000081                        185 _smallDelay::
    00000081 4F               [ 4]  186 	ld	c, a
                                    187 ;C:\Users\wsajj\GBdev\gbdk\_code\gbJam24\source\GameStates\loadGame.c:49: for(i = 0; i < numloops; i++){
    00000082 06 00            [ 8]  188 	ld	b, #0x00
    00000084                        189 00103$:
    00000084 78               [ 4]  190 	ld	a, b
    00000085 91               [ 4]  191 	sub	a, c
    00000086 D0               [20]  192 	ret	NC
                                    193 ;C:\Users\wsajj\GBdev\gbdk\_code\gbJam24\source\GameStates\loadGame.c:50: vsync();
    00000087 CDr00r00         [24]  194 	call	_vsync
                                    195 ;C:\Users\wsajj\GBdev\gbdk\_code\gbJam24\source\GameStates\loadGame.c:49: for(i = 0; i < numloops; i++){
    0000008A 04               [ 4]  196 	inc	b
                                    197 ;C:\Users\wsajj\GBdev\gbdk\_code\gbJam24\source\GameStates\loadGame.c:52: }
    0000008B 18 F7            [12]  198 	jr	00103$
                                    199 ;C:\Users\wsajj\GBdev\gbdk\_code\gbJam24\source\GameStates\loadGame.c:54: void gameFirstLoad(void){
                                    200 ;	---------------------------------
                                    201 ; Function gameFirstLoad
                                    202 ; ---------------------------------
    0000008D                        203 _gameFirstLoad::
                                    204 ;C:\Users\wsajj\GBdev\gbdk\_code\gbJam24\source\GameStates\loadGame.c:56: NR52_REG = 0x80;
    0000008D 3E 80            [ 8]  205 	ld	a, #0x80
    0000008F E0r00            [12]  206 	ldh	(_NR52_REG + 0), a
                                    207 ;C:\Users\wsajj\GBdev\gbdk\_code\gbJam24\source\GameStates\loadGame.c:57: NR50_REG = 0x77; 
    00000091 3E 77            [ 8]  208 	ld	a, #0x77
    00000093 E0r00            [12]  209 	ldh	(_NR50_REG + 0), a
                                    210 ;C:\Users\wsajj\GBdev\gbdk\_code\gbJam24\source\GameStates\loadGame.c:58: NR51_REG = 0xFF;
    00000095 3E FF            [ 8]  211 	ld	a, #0xff
    00000097 E0r00            [12]  212 	ldh	(_NR51_REG + 0), a
                                    213 ;C:\Users\wsajj\GBdev\gbdk\_code\gbJam24\source\GameStates\loadGame.c:60: SHOW_BKG;
    00000099 F0r00            [12]  214 	ldh	a, (_LCDC_REG + 0)
    0000009B F6 01            [ 8]  215 	or	a, #0x01
    0000009D E0r00            [12]  216 	ldh	(_LCDC_REG + 0), a
                                    217 ;C:\Users\wsajj\GBdev\gbdk\_code\gbJam24\source\GameStates\loadGame.c:62: SHOW_SPRITES;
    0000009F F0r00            [12]  218 	ldh	a, (_LCDC_REG + 0)
    000000A1 F6 02            [ 8]  219 	or	a, #0x02
    000000A3 E0r00            [12]  220 	ldh	(_LCDC_REG + 0), a
                                    221 ;C:\Users\wsajj\GBdev\gbdk\_code\gbJam24\source\GameStates\loadGame.c:63: DISPLAY_ON;
    000000A5 F0r00            [12]  222 	ldh	a, (_LCDC_REG + 0)
    000000A7 F6 80            [ 8]  223 	or	a, #0x80
    000000A9 E0r00            [12]  224 	ldh	(_LCDC_REG + 0), a
                                    225 ;C:\Users\wsajj\GBdev\gbdk\_code\gbJam24\source\GameStates\loadGame.c:65: STAT_REG |= 0x40;
    000000AB F0r00            [12]  226 	ldh	a, (_STAT_REG + 0)
    000000AD F6 40            [ 8]  227 	or	a, #0x40
    000000AF E0r00            [12]  228 	ldh	(_STAT_REG + 0), a
                                    229 ;C:\Users\wsajj\GBdev\gbdk\_code\gbJam24\source\GameStates\loadGame.c:66: LYC_REG=0;
    000000B1 AF               [ 4]  230 	xor	a, a
    000000B2 E0r00            [12]  231 	ldh	(_LYC_REG + 0), a
                                    232 ;C:\Users\wsajj\GBdev\gbdk\_code\gbJam24\source\GameStates\loadGame.c:68: add_LCD(bkgInterrupts);
    000000B4 11r00r00         [12]  233 	ld	de, #_bkgInterrupts
    000000B7 CDr00r00         [24]  234 	call	_add_LCD
                                    235 ;C:\Users\wsajj\GBdev\gbdk\_code\gbJam24\source\GameStates\loadGame.c:69: set_interrupts(LCD_IFLAG | VBL_IFLAG);
    000000BA 3E 03            [ 8]  236 	ld	a, #0x03
    000000BC CDr00r00         [24]  237 	call	_set_interrupts
                                    238 ;C:\Users\wsajj\GBdev\gbdk\_code\gbJam24\source\GameStates\loadGame.c:72: waitpad(J_START);
    000000BF 3E 80            [ 8]  239 	ld	a, #0x80
    000000C1 CDr00r00         [24]  240 	call	_waitpad
                                    241 ;C:\Users\wsajj\GBdev\gbdk\_code\gbJam24\source\GameStates\loadGame.c:73: uint16_t seed = LY_REG;
    000000C4 F0r00            [12]  242 	ldh	a, (_LY_REG + 0)
    000000C6 4F               [ 4]  243 	ld	c, a
                                    244 ;C:\Users\wsajj\GBdev\gbdk\_code\gbJam24\source\GameStates\loadGame.c:74: seed |= (uint16_t)DIV_REG << 8;
    000000C7 F0r00            [12]  245 	ldh	a, (_DIV_REG + 0)
    000000C9 47               [ 4]  246 	ld	b, a
                                    247 ;C:\Users\wsajj\GBdev\gbdk\_code\gbJam24\source\GameStates\loadGame.c:75: initrand(seed);
    000000CA C5               [16]  248 	push	bc
    000000CB CDr00r00         [24]  249 	call	_initrand
    000000CE E1               [12]  250 	pop	hl
                                    251 ;C:\Users\wsajj\GBdev\gbdk\_code\gbJam24\source\GameStates\loadGame.c:77: set_default_palette();
    000000CF CDr00r00         [24]  252 	call	_set_default_palette
                                    253 ;C:\Users\wsajj\GBdev\gbdk\_code\gbJam24\source\GameStates\loadGame.c:78: set_sprite_palette(0,1,ghosty_palettes);
    000000D2 11r00r00         [12]  254 	ld	de, #_ghosty_palettes
    000000D5 D5               [16]  255 	push	de
    000000D6 AF               [ 4]  256 	xor	a, a
    000000D7 3C               [ 4]  257 	inc	a
    000000D8 F5               [16]  258 	push	af
    000000D9 CDr00r00         [24]  259 	call	_set_sprite_palette
    000000DC E8 04            [16]  260 	add	sp, #4
                                    261 ;C:\Users\wsajj\GBdev\gbdk\_code\gbJam24\source\GameStates\loadGame.c:79: set_bkg_palette(0,1,bkgd_palettes);
    000000DE 11r00r00         [12]  262 	ld	de, #_bkgd_palettes
    000000E1 D5               [16]  263 	push	de
    000000E2 3E 01            [ 8]  264 	ld	a, #0x01
    000000E4 F5               [16]  265 	push	af
    000000E5 33               [ 8]  266 	inc	sp
    000000E6 AF               [ 4]  267 	xor	a, a
    000000E7 F5               [16]  268 	push	af
    000000E8 33               [ 8]  269 	inc	sp
    000000E9 CDr00r00         [24]  270 	call	_set_bkg_palette
    000000EC E8 04            [16]  271 	add	sp, #4
                                    272 ;C:\Users\wsajj\GBdev\gbdk\_code\gbJam24\source\GameStates\loadGame.c:80: setBkgd();
    000000EE CDr00r00         [24]  273 	call	_setBkgd
                                    274 ;C:\Users\wsajj\GBdev\gbdk\_code\gbJam24\source\GameStates\loadGame.c:81: setGhosty();
    000000F1 CDr37r00         [24]  275 	call	_setGhosty
                                    276 ;C:\Users\wsajj\GBdev\gbdk\_code\gbJam24\source\GameStates\loadGame.c:82: setBone();
                                    277 ;C:\Users\wsajj\GBdev\gbdk\_code\gbJam24\source\GameStates\loadGame.c:83: }
    000000F4 C3r68r00         [16]  278 	jp	_setBone
                                    279 	.area _CODE
                                    280 	.area _INITIALIZER
    00000000                        281 __xinit__spriteSize:
    00000000 08                     282 	.db #0x08	; 8
                                    283 	.area _CABS (ABS)
