                                      1 ;--------------------------------------------------------
                                      2 ; File Created by SDCC : free open source ISO C Compiler 
                                      3 ; Version 4.4.1 #14650 (MINGW64)
                                      4 ;--------------------------------------------------------
                                      5 	.module main
                                      6 	.optsdcc -msm83
                                      7 	
                                      8 ;--------------------------------------------------------
                                      9 ; Public variables in this module
                                     10 ;--------------------------------------------------------
                                     11 	.globl _main
                                     12 	.globl _updateBone
                                     13 	.globl _scrollBkg
                                     14 	.globl _joypadMgr
                                     15 	.globl _gameFirstLoad
                                     16 	.globl _vsync
                                     17 ;--------------------------------------------------------
                                     18 ; special function registers
                                     19 ;--------------------------------------------------------
                                     20 ;--------------------------------------------------------
                                     21 ; ram data
                                     22 ;--------------------------------------------------------
                                     23 	.area _DATA
    00000000                         24 _activeBones:
    00000000                         25 	.ds 1
    00000001                         26 _boneCounter:
    00000001                         27 	.ds 1
    00000002                         28 _frameCounter:
    00000002                         29 	.ds 1
    00000003                         30 _ghostyX:
    00000003                         31 	.ds 2
    00000005                         32 _ghostyY:
    00000005                         33 	.ds 2
    00000007                         34 _ghostySpeedX:
    00000007                         35 	.ds 2
    00000009                         36 _ghostySpeedY:
    00000009                         37 	.ds 2
    0000000B                         38 _pghostyX:
    0000000B                         39 	.ds 2
    0000000D                         40 _pghostyY:
    0000000D                         41 	.ds 2
                                     42 ;--------------------------------------------------------
                                     43 ; ram data
                                     44 ;--------------------------------------------------------
                                     45 	.area _INITIALIZED
                                     46 ;--------------------------------------------------------
                                     47 ; absolute external ram data
                                     48 ;--------------------------------------------------------
                                     49 	.area _DABS (ABS)
                                     50 ;--------------------------------------------------------
                                     51 ; global & static initialisations
                                     52 ;--------------------------------------------------------
                                     53 	.area _HOME
                                     54 	.area _GSINIT
                                     55 	.area _GSFINAL
                                     56 	.area _GSINIT
                                     57 ;--------------------------------------------------------
                                     58 ; Home
                                     59 ;--------------------------------------------------------
                                     60 	.area _HOME
                                     61 	.area _HOME
                                     62 ;--------------------------------------------------------
                                     63 ; code
                                     64 ;--------------------------------------------------------
                                     65 	.area _CODE
                                     66 ;C:\Users\wsajj\GBdev\gbdk\_code\gbJam24\source\main.c:14: void main(void)
                                     67 ;	---------------------------------
                                     68 ; Function main
                                     69 ; ---------------------------------
    00000000                         70 _main::
                                     71 ;C:\Users\wsajj\GBdev\gbdk\_code\gbJam24\source\main.c:16: gameFirstLoad();
    00000000 CDr00r00         [24]   72 	call	_gameFirstLoad
                                     73 ;C:\Users\wsajj\GBdev\gbdk\_code\gbJam24\source\main.c:18: while(1) {        
    00000003                         74 00102$:
                                     75 ;C:\Users\wsajj\GBdev\gbdk\_code\gbJam24\source\main.c:21: joypadMgr();
    00000003 CDr00r00         [24]   76 	call	_joypadMgr
                                     77 ;C:\Users\wsajj\GBdev\gbdk\_code\gbJam24\source\main.c:22: scrollBkg();
    00000006 CDr00r00         [24]   78 	call	_scrollBkg
                                     79 ;C:\Users\wsajj\GBdev\gbdk\_code\gbJam24\source\main.c:23: updateBone();
    00000009 CDr00r00         [24]   80 	call	_updateBone
                                     81 ;C:\Users\wsajj\GBdev\gbdk\_code\gbJam24\source\main.c:26: vsync();
    0000000C CDr00r00         [24]   82 	call	_vsync
                                     83 ;C:\Users\wsajj\GBdev\gbdk\_code\gbJam24\source\main.c:28: }
    0000000F 18 F2            [12]   84 	jr	00102$
                                     85 	.area _CODE
                                     86 	.area _INITIALIZER
                                     87 	.area _CABS (ABS)
