                                      1 ;--------------------------------------------------------
                                      2 ; File Created by SDCC : free open source ISO C Compiler 
                                      3 ; Version 4.4.1 #14650 (MINGW64)
                                      4 ;--------------------------------------------------------
                                      5 	.module playArea
                                      6 	.optsdcc -msm83
                                      7 	
                                      8 ;--------------------------------------------------------
                                      9 ; Public variables in this module
                                     10 ;--------------------------------------------------------
                                     11 	.globl _isActive
                                     12 ;--------------------------------------------------------
                                     13 ; special function registers
                                     14 ;--------------------------------------------------------
                                     15 ;--------------------------------------------------------
                                     16 ; ram data
                                     17 ;--------------------------------------------------------
                                     18 	.area _DATA
                                     19 ;--------------------------------------------------------
                                     20 ; ram data
                                     21 ;--------------------------------------------------------
                                     22 	.area _INITIALIZED
                                     23 ;--------------------------------------------------------
                                     24 ; absolute external ram data
                                     25 ;--------------------------------------------------------
                                     26 	.area _DABS (ABS)
                                     27 ;--------------------------------------------------------
                                     28 ; global & static initialisations
                                     29 ;--------------------------------------------------------
                                     30 	.area _HOME
                                     31 	.area _GSINIT
                                     32 	.area _GSFINAL
                                     33 	.area _GSINIT
                                     34 ;--------------------------------------------------------
                                     35 ; Home
                                     36 ;--------------------------------------------------------
                                     37 	.area _HOME
                                     38 	.area _HOME
                                     39 ;--------------------------------------------------------
                                     40 ; code
                                     41 ;--------------------------------------------------------
                                     42 	.area _CODE
                                     43 ;C:\Users\wsajj\GBdev\gbdk\_code\gbJam24\source\Mechanic\playArea.c:5: uint8_t isActive(int16_t x, int16_t y){
                                     44 ;	---------------------------------
                                     45 ; Function isActive
                                     46 ; ---------------------------------
    00000000                         47 _isActive::
    00000000 C5               [16]   48 	push	bc
                                     49 ;C:\Users\wsajj\GBdev\gbdk\_code\gbJam24\source\Mechanic\playArea.c:9: if((x > SCREEN_LEFT_BOUND) && (x < SCREEN_RIGHT_BOUND) && (y > CEILING) && (y < FLOOR)){
    00000001 4B               [ 4]   50 	ld	c, e
    00000002 42               [ 4]   51 	ld	b, d
    00000003 58               [ 4]   52 	ld	e, b
    00000004 16 00            [ 8]   53 	ld	d, #0x00
    00000006 3E 0F            [ 8]   54 	ld	a, #0x0f
    00000008 B9               [ 4]   55 	cp	a, c
    00000009 3E 00            [ 8]   56 	ld	a, #0x00
    0000000B 98               [ 4]   57 	sbc	a, b
    0000000C CB 7B            [ 8]   58 	bit	7, e
    0000000E 28 07            [12]   59 	jr	Z, 00137$
    00000010 CB 7A            [ 8]   60 	bit	7, d
    00000012 20 08            [12]   61 	jr	NZ, 00138$
    00000014 BF               [ 4]   62 	cp	a, a
    00000015 18 05            [12]   63 	jr	00138$
    00000017                         64 00137$:
    00000017 CB 7A            [ 8]   65 	bit	7, d
    00000019 28 01            [12]   66 	jr	Z, 00138$
    0000001B 37               [ 4]   67 	scf
    0000001C                         68 00138$:
    0000001C 30 37            [12]   69 	jr	NC, 00102$
    0000001E 79               [ 4]   70 	ld	a, c
    0000001F D6 A0            [ 8]   71 	sub	a, #0xa0
    00000021 78               [ 4]   72 	ld	a, b
    00000022 17               [ 4]   73 	rla
    00000023 3F               [ 4]   74 	ccf
    00000024 1F               [ 4]   75 	rra
    00000025 DE 80            [ 8]   76 	sbc	a, #0x80
    00000027 30 2C            [12]   77 	jr	NC, 00102$
    00000029 C1               [12]   78 	pop	bc
    0000002A C5               [16]   79 	push	bc
    0000002B 58               [ 4]   80 	ld	e, b
    0000002C 16 00            [ 8]   81 	ld	d, #0x00
    0000002E 3E 17            [ 8]   82 	ld	a, #0x17
    00000030 B9               [ 4]   83 	cp	a, c
    00000031 3E 00            [ 8]   84 	ld	a, #0x00
    00000033 98               [ 4]   85 	sbc	a, b
    00000034 CB 7B            [ 8]   86 	bit	7, e
    00000036 28 07            [12]   87 	jr	Z, 00139$
    00000038 CB 7A            [ 8]   88 	bit	7, d
    0000003A 20 08            [12]   89 	jr	NZ, 00140$
    0000003C BF               [ 4]   90 	cp	a, a
    0000003D 18 05            [12]   91 	jr	00140$
    0000003F                         92 00139$:
    0000003F CB 7A            [ 8]   93 	bit	7, d
    00000041 28 01            [12]   94 	jr	Z, 00140$
    00000043 37               [ 4]   95 	scf
    00000044                         96 00140$:
    00000044 30 0F            [12]   97 	jr	NC, 00102$
    00000046 79               [ 4]   98 	ld	a, c
    00000047 D6 84            [ 8]   99 	sub	a, #0x84
    00000049 78               [ 4]  100 	ld	a, b
    0000004A 17               [ 4]  101 	rla
    0000004B 3F               [ 4]  102 	ccf
    0000004C 1F               [ 4]  103 	rra
    0000004D DE 80            [ 8]  104 	sbc	a, #0x80
    0000004F 30 04            [12]  105 	jr	NC, 00102$
                                    106 ;C:\Users\wsajj\GBdev\gbdk\_code\gbJam24\source\Mechanic\playArea.c:11: active = 1;
    00000051 3E 01            [ 8]  107 	ld	a, #0x01
    00000053 18 01            [12]  108 	jr	00103$
    00000055                        109 00102$:
                                    110 ;C:\Users\wsajj\GBdev\gbdk\_code\gbJam24\source\Mechanic\playArea.c:15: active = 0;
    00000055 AF               [ 4]  111 	xor	a, a
    00000056                        112 00103$:
                                    113 ;C:\Users\wsajj\GBdev\gbdk\_code\gbJam24\source\Mechanic\playArea.c:19: return active;
                                    114 ;C:\Users\wsajj\GBdev\gbdk\_code\gbJam24\source\Mechanic\playArea.c:20: }
    00000056 33               [ 8]  115 	inc	sp
    00000057 33               [ 8]  116 	inc	sp
    00000058 C9               [16]  117 	ret
                                    118 	.area _CODE
                                    119 	.area _INITIALIZER
                                    120 	.area _CABS (ABS)
